<?xml version="1.0" encoding="UTF-8"?>
<!-- Generated by org.testng.reporters.JUnitReportReporter -->
<testsuite hostname="Thuy" failures="0" tests="3" name="selenium.com.testcases.NonLoyalLoginTest" time="39.937" errors="0" timestamp="2024-09-09T13:22:28 ICT" skipped="0">
  <testcase classname="selenium.com.testcases.NonLoyalLoginTest" name="nonLoyalBuy2Pay1Test" time="14.388"/>
  <testcase classname="selenium.com.testcases.NonLoyalLoginTest" name="nonLoyalBuy3Pay2Test" time="13.652"/>
  <testcase classname="selenium.com.testcases.NonLoyalLoginTest" name="nonLoyalNoPromotionTest" time="11.897"/>
</testsuite> <!-- selenium.com.testcases.NonLoyalLoginTest -->
