<?xml version="1.0" encoding="UTF-8"?>
<!-- Generated by org.testng.reporters.JUnitReportReporter -->
<testsuite hostname="Thuy" failures="0" tests="5" name="selenium.com.testcases.LoginTestV1" time="82.504" errors="0" timestamp="2024-09-11T10:54:56 ICT" skipped="0">
  <testcase classname="selenium.com.testcases.LoginTestV1" name="emptyUsernameTest" time="24.694"/>
  <testcase classname="selenium.com.testcases.LoginTestV1" name="emptyPasswordTest" time="18.685"/>
  <testcase classname="selenium.com.testcases.LoginTestV1" name="usernameNonExistTest" time="13.052"/>
  <testcase classname="selenium.com.testcases.LoginTestV1" name="loginSuccessfulTest" time="13.085"/>
  <testcase classname="selenium.com.testcases.LoginTestV1" name="wrongPasswordTest" time="12.988"/>
</testsuite> <!-- selenium.com.testcases.LoginTestV1 -->
