<?xml version="1.0" encoding="UTF-8"?>
<!-- Generated by org.testng.reporters.JUnitReportReporter -->
<testsuite hostname="Thuy" failures="0" tests="5" name="selenium.com.testcases.BuyNowTest" time="64.112" errors="0" timestamp="2024-09-09T13:22:28 ICT" skipped="0">
  <testcase classname="selenium.com.testcases.BuyNowTest" name="buy2Pay1Test" time="11.939"/>
  <testcase classname="selenium.com.testcases.BuyNowTest" name="buy3Pay2Test" time="16.729"/>
  <testcase classname="selenium.com.testcases.BuyNowTest" name="buy2Pay1LessThan2Test" time="12.059"/>
  <testcase classname="selenium.com.testcases.BuyNowTest" name="buy3Pay2LessThan3Test" time="11.801"/>
  <testcase classname="selenium.com.testcases.BuyNowTest" name="noPromotionTest" time="11.584"/>
</testsuite> <!-- selenium.com.testcases.BuyNowTest -->
